<?xml version="1.0" encoding="UTF-8"?>
<!-- Generated by org.testng.reporters.JUnitReportReporter -->
<testsuite hostname="DESKTOP-O4JIB6G" failures="0" tests="1" name="RestAssuredProject.RestAssuredapi.C" time="0.204" errors="0" timestamp="2022-10-01T14:01:12 IST" skipped="0">
  <testcase classname="RestAssuredProject.RestAssuredapi.C" name="weatherdetails" time="0.204"/>
  <system-out/>
</testsuite> <!-- RestAssuredProject.RestAssuredapi.C -->
