<?xml version="1.0" encoding="UTF-8"?>
<!-- Generated by org.testng.reporters.JUnitReportReporter -->
<testsuite hostname="DESKTOP-O4JIB6G" failures="0" tests="1" name="RestAssuredProject.RestAssuredapi.Getextractedbody" time="7.001" errors="0" timestamp="2022-10-01T14:01:12 IST" skipped="0">
  <testcase classname="RestAssuredProject.RestAssuredapi.Getextractedbody" name="weatherdetails" time="7.001"/>
  <system-out/>
</testsuite> <!-- RestAssuredProject.RestAssuredapi.Getextractedbody -->
