<?xml version="1.0" encoding="UTF-8"?>
<!-- Generated by org.testng.reporters.JUnitReportReporter -->
<testsuite hostname="DESKTOP-O4JIB6G" failures="0" tests="2" name="RestAssuredProject.RestAssuredapi.Datadriventesting" time="1.484" errors="0" timestamp="2022-10-01T14:01:12 IST" skipped="0">
  <testcase classname="RestAssuredProject.RestAssuredapi.Datadriventesting" name="postEmployee" time="0.767"/>
  <system-out/>
  <testcase classname="RestAssuredProject.RestAssuredapi.Datadriventesting" name="postEmployee" time="0.717"/>
  <system-out/>
</testsuite> <!-- RestAssuredProject.RestAssuredapi.Datadriventesting -->
